Determining if the pthread_create exist failed with the following output:
Change Dir: /home/tudeng/tianbao-robtech/build/CMakeFiles/CMakeTmp

Run Build Command:/usr/bin/make "cmTryCompileExec1974720795/fast"
/usr/bin/make -f CMakeFiles/cmTryCompileExec1974720795.dir/build.make CMakeFiles/cmTryCompileExec1974720795.dir/build
make[1]: Entering directory `/home/tudeng/tianbao-robtech/build/CMakeFiles/CMakeTmp'
/usr/bin/cmake -E cmake_progress_report /home/tudeng/tianbao-robtech/build/CMakeFiles/CMakeTmp/CMakeFiles 1
Building C object CMakeFiles/cmTryCompileExec1974720795.dir/CheckSymbolExists.c.o
/usr/bin/cc    -o CMakeFiles/cmTryCompileExec1974720795.dir/CheckSymbolExists.c.o   -c /home/tudeng/tianbao-robtech/build/CMakeFiles/CMakeTmp/CheckSymbolExists.c
Linking C executable cmTryCompileExec1974720795
/usr/bin/cmake -E cmake_link_script CMakeFiles/cmTryCompileExec1974720795.dir/link.txt --verbose=1
/usr/bin/cc       CMakeFiles/cmTryCompileExec1974720795.dir/CheckSymbolExists.c.o  -o cmTryCompileExec1974720795 -rdynamic 
CMakeFiles/cmTryCompileExec1974720795.dir/CheckSymbolExists.c.o: In function `main':
CheckSymbolExists.c:(.text+0x16): undefined reference to `pthread_create'
collect2: error: ld returned 1 exit status
make[1]: *** [cmTryCompileExec1974720795] Error 1
make[1]: Leaving directory `/home/tudeng/tianbao-robtech/build/CMakeFiles/CMakeTmp'
make: *** [cmTryCompileExec1974720795/fast] Error 2

File /home/tudeng/tianbao-robtech/build/CMakeFiles/CMakeTmp/CheckSymbolExists.c:
/* */
#include <pthread.h>

int main(int argc, char** argv)
{
  (void)argv;
#ifndef pthread_create
  return ((int*)(&pthread_create))[argc];
#else
  (void)argc;
  return 0;
#endif
}

Determining if the function pthread_create exists in the pthreads failed with the following output:
Change Dir: /home/tudeng/tianbao-robtech/build/CMakeFiles/CMakeTmp

Run Build Command:/usr/bin/make "cmTryCompileExec1631289/fast"
/usr/bin/make -f CMakeFiles/cmTryCompileExec1631289.dir/build.make CMakeFiles/cmTryCompileExec1631289.dir/build
make[1]: Entering directory `/home/tudeng/tianbao-robtech/build/CMakeFiles/CMakeTmp'
/usr/bin/cmake -E cmake_progress_report /home/tudeng/tianbao-robtech/build/CMakeFiles/CMakeTmp/CMakeFiles 1
Building C object CMakeFiles/cmTryCompileExec1631289.dir/CheckFunctionExists.c.o
/usr/bin/cc   -DCHECK_FUNCTION_EXISTS=pthread_create   -o CMakeFiles/cmTryCompileExec1631289.dir/CheckFunctionExists.c.o   -c /usr/share/cmake-2.8/Modules/CheckFunctionExists.c
Linking C executable cmTryCompileExec1631289
/usr/bin/cmake -E cmake_link_script CMakeFiles/cmTryCompileExec1631289.dir/link.txt --verbose=1
/usr/bin/cc   -DCHECK_FUNCTION_EXISTS=pthread_create    CMakeFiles/cmTryCompileExec1631289.dir/CheckFunctionExists.c.o  -o cmTryCompileExec1631289 -rdynamic -lpthreads 
/usr/bin/ld: cannot find -lpthreads
collect2: error: ld returned 1 exit status
make[1]: *** [cmTryCompileExec1631289] Error 1
make[1]: Leaving directory `/home/tudeng/tianbao-robtech/build/CMakeFiles/CMakeTmp'
make: *** [cmTryCompileExec1631289/fast] Error 2


